[debug] [2021-10-15T13:48:13.472Z] ----------------------------------------------------------------------
[debug] [2021-10-15T13:48:13.474Z] Command:       /usr/local/bin/node /usr/local/bin/firebase deploy --only functions
[debug] [2021-10-15T13:48:13.475Z] CLI Version:   9.10.2
[debug] [2021-10-15T13:48:13.475Z] Platform:      darwin
[debug] [2021-10-15T13:48:13.475Z] Node Version:  v14.15.5
[debug] [2021-10-15T13:48:13.476Z] Time:          Fri Oct 15 2021 16:48:13 GMT+0300 (Israel Daylight Time)
[debug] [2021-10-15T13:48:13.476Z] ----------------------------------------------------------------------
[debug] 
[debug] [2021-10-15T13:48:13.485Z] > command requires scopes: ["email","openid","https://www.googleapis.com/auth/cloudplatformprojects.readonly","https://www.googleapis.com/auth/firebase","https://www.googleapis.com/auth/cloud-platform"]
[debug] [2021-10-15T13:48:13.485Z] > authorizing via signed-in user (alonzuman7@gmail.com)
[debug] [2021-10-15T13:48:13.485Z] [iam] checking project jobs-51-dev for permissions ["cloudfunctions.functions.create","cloudfunctions.functions.delete","cloudfunctions.functions.get","cloudfunctions.functions.list","cloudfunctions.functions.update","cloudfunctions.operations.get","firebase.projects.get"]
[debug] [2021-10-15T13:48:13.487Z] > refreshing access token with scopes: ["email","https://www.googleapis.com/auth/cloud-platform","https://www.googleapis.com/auth/cloudplatformprojects.readonly","https://www.googleapis.com/auth/firebase","openid"]
[debug] [2021-10-15T13:48:13.488Z] >>> HTTP REQUEST POST https://www.googleapis.com/oauth2/v3/token  
 <request body omitted>
[debug] [2021-10-15T13:48:13.824Z] <<< HTTP RESPONSE 200 {"expires":"Mon, 01 Jan 1990 00:00:00 GMT","pragma":"no-cache","date":"Fri, 15 Oct 2021 13:48:13 GMT","cache-control":"no-cache, no-store, max-age=0, must-revalidate","content-type":"application/json; charset=utf-8","vary":"X-Origin, Referer, Origin,Accept-Encoding","server":"scaffolding on HTTPServer2","x-xss-protection":"0","x-frame-options":"SAMEORIGIN","x-content-type-options":"nosniff","alt-svc":"h3=\":443\"; ma=2592000,h3-29=\":443\"; ma=2592000,h3-T051=\":443\"; ma=2592000,h3-Q050=\":443\"; ma=2592000,h3-Q046=\":443\"; ma=2592000,h3-Q043=\":443\"; ma=2592000,quic=\":443\"; ma=2592000; v=\"46,43\"","accept-ranges":"none","transfer-encoding":"chunked"}
[debug] [2021-10-15T13:48:13.894Z] >>> HTTP REQUEST POST https://cloudresourcemanager.googleapis.com/v1/projects/jobs-51-dev:testIamPermissions  
 {"permissions":["cloudfunctions.functions.create","cloudfunctions.functions.delete","cloudfunctions.functions.get","cloudfunctions.functions.list","cloudfunctions.functions.update","cloudfunctions.operations.get","firebase.projects.get"]}
[debug] [2021-10-15T13:48:14.297Z] <<< HTTP RESPONSE 200 {"content-type":"application/json; charset=UTF-8","vary":"X-Origin, Referer, Origin,Accept-Encoding","date":"Fri, 15 Oct 2021 13:48:14 GMT","server":"ESF","cache-control":"private","x-xss-protection":"0","x-frame-options":"SAMEORIGIN","x-content-type-options":"nosniff","server-timing":"gfet4t7; dur=120","alt-svc":"h3=\":443\"; ma=2592000,h3-29=\":443\"; ma=2592000,h3-T051=\":443\"; ma=2592000,h3-Q050=\":443\"; ma=2592000,h3-Q046=\":443\"; ma=2592000,h3-Q043=\":443\"; ma=2592000,quic=\":443\"; ma=2592000; v=\"46,43\"","accept-ranges":"none","transfer-encoding":"chunked"}
[debug] [2021-10-15T13:48:14.298Z] >>> HTTP REQUEST POST https://iam.googleapis.com/v1/projects/jobs-51-dev/serviceAccounts/jobs-51-dev@appspot.gserviceaccount.com:testIamPermissions  
 {"permissions":["iam.serviceAccounts.actAs"]}
[debug] [2021-10-15T13:48:15.122Z] <<< HTTP RESPONSE 200 {"content-type":"application/json; charset=UTF-8","vary":"X-Origin, Referer, Origin,Accept-Encoding","date":"Fri, 15 Oct 2021 13:48:15 GMT","server":"ESF","cache-control":"private","x-xss-protection":"0","x-frame-options":"SAMEORIGIN","x-content-type-options":"nosniff","alt-svc":"h3=\":443\"; ma=2592000,h3-29=\":443\"; ma=2592000,h3-T051=\":443\"; ma=2592000,h3-Q050=\":443\"; ma=2592000,h3-Q046=\":443\"; ma=2592000,h3-Q043=\":443\"; ma=2592000,quic=\":443\"; ma=2592000; v=\"46,43\"","accept-ranges":"none","transfer-encoding":"chunked"}
[info] 
[info] === Deploying to 'jobs-51-dev'...
[info] 
[info] i  deploying functions 
[info] i  functions: ensuring required API cloudfunctions.googleapis.com is enabled... 
[info] i  functions: ensuring required API cloudbuild.googleapis.com is enabled... 
[debug] [2021-10-15T13:48:18.039Z] >>> HTTP REQUEST GET https://serviceusage.googleapis.com/v1/projects/jobs-51-dev/services/cloudfunctions.googleapis.com  
 
[debug] [2021-10-15T13:48:18.040Z] >>> HTTP REQUEST GET https://serviceusage.googleapis.com/v1/projects/jobs-51-dev/services/runtimeconfig.googleapis.com  
 
[debug] [2021-10-15T13:48:18.041Z] >>> HTTP REQUEST GET https://serviceusage.googleapis.com/v1/projects/jobs-51-dev/services/cloudbuild.googleapis.com  
 
[debug] [2021-10-15T13:48:18.795Z] <<< HTTP RESPONSE 200 {"content-type":"application/json; charset=UTF-8","vary":"X-Origin, Referer, Origin,Accept-Encoding","date":"Fri, 15 Oct 2021 13:48:18 GMT","server":"ESF","cache-control":"private","x-xss-protection":"0","x-frame-options":"SAMEORIGIN","x-content-type-options":"nosniff","alt-svc":"h3=\":443\"; ma=2592000,h3-29=\":443\"; ma=2592000,h3-T051=\":443\"; ma=2592000,h3-Q050=\":443\"; ma=2592000,h3-Q046=\":443\"; ma=2592000,h3-Q043=\":443\"; ma=2592000,quic=\":443\"; ma=2592000; v=\"46,43\"","accept-ranges":"none","transfer-encoding":"chunked"}
[info] ✔  functions: required API cloudbuild.googleapis.com is enabled 
[debug] [2021-10-15T13:48:19.137Z] <<< HTTP RESPONSE 200 {"content-type":"application/json; charset=UTF-8","vary":"X-Origin, Referer, Origin,Accept-Encoding","date":"Fri, 15 Oct 2021 13:48:19 GMT","server":"ESF","cache-control":"private","x-xss-protection":"0","x-frame-options":"SAMEORIGIN","x-content-type-options":"nosniff","alt-svc":"h3=\":443\"; ma=2592000,h3-29=\":443\"; ma=2592000,h3-T051=\":443\"; ma=2592000,h3-Q050=\":443\"; ma=2592000,h3-Q046=\":443\"; ma=2592000,h3-Q043=\":443\"; ma=2592000,quic=\":443\"; ma=2592000; v=\"46,43\"","accept-ranges":"none","transfer-encoding":"chunked"}
[debug] [2021-10-15T13:48:19.325Z] <<< HTTP RESPONSE 200 {"content-type":"application/json; charset=UTF-8","vary":"X-Origin, Referer, Origin,Accept-Encoding","date":"Fri, 15 Oct 2021 13:48:19 GMT","server":"ESF","cache-control":"private","x-xss-protection":"0","x-frame-options":"SAMEORIGIN","x-content-type-options":"nosniff","alt-svc":"h3=\":443\"; ma=2592000,h3-29=\":443\"; ma=2592000,h3-T051=\":443\"; ma=2592000,h3-Q050=\":443\"; ma=2592000,h3-Q046=\":443\"; ma=2592000,h3-Q043=\":443\"; ma=2592000,quic=\":443\"; ma=2592000; v=\"46,43\"","accept-ranges":"none","transfer-encoding":"chunked"}
[info] ✔  functions: required API cloudfunctions.googleapis.com is enabled 
[debug] [2021-10-15T13:48:19.326Z] >>> HTTP REQUEST GET https://firebase.googleapis.com/v1beta1/projects/jobs-51-dev/adminSdkConfig  
 
[debug] [2021-10-15T13:48:19.762Z] <<< HTTP RESPONSE 200 {"content-type":"application/json; charset=UTF-8","vary":"X-Origin, Referer, Origin,Accept-Encoding","date":"Fri, 15 Oct 2021 13:48:19 GMT","server":"ESF","cache-control":"private","x-xss-protection":"0","x-frame-options":"SAMEORIGIN","x-content-type-options":"nosniff","alt-svc":"h3=\":443\"; ma=2592000,h3-29=\":443\"; ma=2592000,h3-T051=\":443\"; ma=2592000,h3-Q050=\":443\"; ma=2592000,h3-Q046=\":443\"; ma=2592000,h3-Q043=\":443\"; ma=2592000,quic=\":443\"; ma=2592000; v=\"46,43\"","accept-ranges":"none","transfer-encoding":"chunked"}
[info] i  functions: preparing functions directory for uploading... 
[debug] [2021-10-15T13:48:19.763Z] >>> HTTP REQUEST GET https://runtimeconfig.googleapis.com/v1beta1/projects/jobs-51-dev/configs  
 
[debug] [2021-10-15T13:48:20.946Z] <<< HTTP RESPONSE 200 {"content-type":"application/json; charset=UTF-8","vary":"X-Origin, Referer, Origin,Accept-Encoding","date":"Fri, 15 Oct 2021 13:48:20 GMT","server":"ESF","cache-control":"private","x-xss-protection":"0","x-frame-options":"SAMEORIGIN","x-content-type-options":"nosniff","alt-svc":"h3=\":443\"; ma=2592000,h3-29=\":443\"; ma=2592000,h3-T051=\":443\"; ma=2592000,h3-Q050=\":443\"; ma=2592000,h3-Q046=\":443\"; ma=2592000,h3-Q043=\":443\"; ma=2592000,quic=\":443\"; ma=2592000; v=\"46,43\"","accept-ranges":"none","transfer-encoding":"chunked"}
[debug] [2021-10-15T13:48:21.004Z] > [functions] package.json contents: {
  "name": "functions",
  "description": "Cloud Functions for Firebase",
  "scripts": {
    "serve": "firebase emulators:start --only functions",
    "shell": "firebase functions:shell",
    "start": "npm run shell",
    "deploy": "firebase deploy --only functions",
    "logs": "firebase functions:log"
  },
  "engines": {
    "node": "12"
  },
  "main": "index.js",
  "dependencies": {
    "firebase-admin": "^9.2.0",
    "firebase-functions": "^3.11.0"
  },
  "devDependencies": {
    "firebase-functions-test": "^0.2.0"
  },
  "private": true
}
[debug] [2021-10-15T13:48:21.005Z] >>> HTTP REQUEST GET https://cloudfunctions.googleapis.com/v1/projects/jobs-51-dev/locations/-/functions  
 
[debug] [2021-10-15T13:48:21.821Z] <<< HTTP RESPONSE 200 {"content-type":"application/json; charset=UTF-8","vary":"X-Origin, Referer, Origin,Accept-Encoding","date":"Fri, 15 Oct 2021 13:48:21 GMT","server":"ESF","cache-control":"private","x-xss-protection":"0","x-frame-options":"SAMEORIGIN","x-content-type-options":"nosniff","alt-svc":"h3=\":443\"; ma=2592000,h3-29=\":443\"; ma=2592000,h3-T051=\":443\"; ma=2592000,h3-Q050=\":443\"; ma=2592000,h3-Q046=\":443\"; ma=2592000,h3-Q043=\":443\"; ma=2592000,quic=\":443\"; ma=2592000; v=\"46,43\"","accept-ranges":"none","transfer-encoding":"chunked"}
[info] 
The following functions are found in your project but do not exist in your local source code:
	helloWorld(us-central1)
	scheduledFunction(us-central1)

If you are renaming a function or changing its region, it is recommended that you create the new function first before deleting the old one to prevent event loss. For more info, visit https://firebase.google.com/docs/functions/manage-functions#modify

[info] i  functions: deleting function helloWorld(us-central1)... 
[debug] [2021-10-15T15:02:17.433Z] > refreshing access token with scopes: ["email","https://www.googleapis.com/auth/cloud-platform","https://www.googleapis.com/auth/cloudplatformprojects.readonly","https://www.googleapis.com/auth/firebase","openid"]
[debug] [2021-10-15T15:02:17.433Z] >>> HTTP REQUEST POST https://www.googleapis.com/oauth2/v3/token  
 <request body omitted>
[info] i  functions: deleting function scheduledFunction(us-central1)... 
[debug] [2021-10-15T15:02:17.434Z] > refreshing access token with scopes: ["email","https://www.googleapis.com/auth/cloud-platform","https://www.googleapis.com/auth/cloudplatformprojects.readonly","https://www.googleapis.com/auth/firebase","openid"]
[debug] [2021-10-15T15:02:17.435Z] >>> HTTP REQUEST POST https://www.googleapis.com/oauth2/v3/token  
 <request body omitted>
[debug] [2021-10-15T15:02:17.436Z] > refreshing access token with scopes: ["email","https://www.googleapis.com/auth/cloud-platform","https://www.googleapis.com/auth/cloudplatformprojects.readonly","https://www.googleapis.com/auth/firebase","openid"]
[debug] [2021-10-15T15:02:17.436Z] >>> HTTP REQUEST POST https://www.googleapis.com/oauth2/v3/token  
 <request body omitted>
[debug] [2021-10-15T15:02:17.690Z] <<< HTTP RESPONSE 200 {"pragma":"no-cache","expires":"Mon, 01 Jan 1990 00:00:00 GMT","date":"Fri, 15 Oct 2021 15:02:17 GMT","cache-control":"no-cache, no-store, max-age=0, must-revalidate","content-type":"application/json; charset=utf-8","vary":"X-Origin, Referer, Origin,Accept-Encoding","server":"scaffolding on HTTPServer2","x-xss-protection":"0","x-frame-options":"SAMEORIGIN","x-content-type-options":"nosniff","alt-svc":"h3=\":443\"; ma=2592000,h3-29=\":443\"; ma=2592000,h3-T051=\":443\"; ma=2592000,h3-Q050=\":443\"; ma=2592000,h3-Q046=\":443\"; ma=2592000,h3-Q043=\":443\"; ma=2592000,quic=\":443\"; ma=2592000; v=\"46,43\"","accept-ranges":"none","transfer-encoding":"chunked"}
[debug] [2021-10-15T15:02:17.750Z] >>> HTTP REQUEST DELETE https://cloudfunctions.googleapis.com/v1/projects/jobs-51-dev/locations/us-central1/functions/helloWorld  
 
[debug] [2021-10-15T15:02:17.756Z] <<< HTTP RESPONSE 200 {"date":"Fri, 15 Oct 2021 15:02:17 GMT","cache-control":"no-cache, no-store, max-age=0, must-revalidate","pragma":"no-cache","expires":"Mon, 01 Jan 1990 00:00:00 GMT","content-type":"application/json; charset=utf-8","vary":"X-Origin, Referer, Origin,Accept-Encoding","server":"scaffolding on HTTPServer2","x-xss-protection":"0","x-frame-options":"SAMEORIGIN","x-content-type-options":"nosniff","alt-svc":"h3=\":443\"; ma=2592000,h3-29=\":443\"; ma=2592000,h3-T051=\":443\"; ma=2592000,h3-Q050=\":443\"; ma=2592000,h3-Q046=\":443\"; ma=2592000,h3-Q043=\":443\"; ma=2592000,quic=\":443\"; ma=2592000; v=\"46,43\"","accept-ranges":"none","transfer-encoding":"chunked"}
[debug] [2021-10-15T15:02:17.804Z] >>> HTTP REQUEST DELETE https://cloudscheduler.googleapis.com/v1beta1/projects/jobs-51-dev/locations/europe-west1/jobs/firebase-schedule-scheduledFunction-us-central1  
 
[debug] [2021-10-15T15:02:17.805Z] <<< HTTP RESPONSE 200 {"pragma":"no-cache","date":"Fri, 15 Oct 2021 15:02:17 GMT","cache-control":"no-cache, no-store, max-age=0, must-revalidate","expires":"Mon, 01 Jan 1990 00:00:00 GMT","content-type":"application/json; charset=utf-8","vary":"X-Origin, Referer, Origin,Accept-Encoding","server":"scaffolding on HTTPServer2","x-xss-protection":"0","x-frame-options":"SAMEORIGIN","x-content-type-options":"nosniff","alt-svc":"h3=\":443\"; ma=2592000,h3-29=\":443\"; ma=2592000,h3-T051=\":443\"; ma=2592000,h3-Q050=\":443\"; ma=2592000,h3-Q046=\":443\"; ma=2592000,h3-Q043=\":443\"; ma=2592000,quic=\":443\"; ma=2592000; v=\"46,43\"","accept-ranges":"none","transfer-encoding":"chunked"}
[debug] [2021-10-15T15:02:17.837Z] >>> HTTP REQUEST DELETE https://cloudfunctions.googleapis.com/v1/projects/jobs-51-dev/locations/us-central1/functions/scheduledFunction  
 
[debug] [2021-10-15T15:02:18.161Z] <<< HTTP RESPONSE 404 {"vary":"X-Origin, Referer, Origin,Accept-Encoding","content-type":"application/json; charset=UTF-8","date":"Fri, 15 Oct 2021 15:02:18 GMT","server":"ESF","cache-control":"private","x-xss-protection":"0","x-frame-options":"SAMEORIGIN","x-content-type-options":"nosniff","alt-svc":"h3=\":443\"; ma=2592000,h3-29=\":443\"; ma=2592000,h3-T051=\":443\"; ma=2592000,h3-Q050=\":443\"; ma=2592000,h3-Q046=\":443\"; ma=2592000,h3-Q043=\":443\"; ma=2592000,quic=\":443\"; ma=2592000; v=\"46,43\"","accept-ranges":"none","transfer-encoding":"chunked"}
[debug] [2021-10-15T15:02:18.161Z] <<< HTTP RESPONSE BODY {"error":{"code":404,"message":"Job not found.","status":"NOT_FOUND"}}
[debug] [2021-10-15T15:02:18.247Z] <<< HTTP RESPONSE 200 {"content-type":"application/json; charset=UTF-8","vary":"X-Origin, Referer, Origin,Accept-Encoding","date":"Fri, 15 Oct 2021 15:02:18 GMT","server":"ESF","cache-control":"private","x-xss-protection":"0","x-frame-options":"SAMEORIGIN","x-content-type-options":"nosniff","alt-svc":"h3=\":443\"; ma=2592000,h3-29=\":443\"; ma=2592000,h3-T051=\":443\"; ma=2592000,h3-Q050=\":443\"; ma=2592000,h3-Q046=\":443\"; ma=2592000,h3-Q043=\":443\"; ma=2592000,quic=\":443\"; ma=2592000; v=\"46,43\"","accept-ranges":"none","transfer-encoding":"chunked"}
[debug] [2021-10-15T15:02:18.251Z] > refreshing access token with scopes: []
[debug] [2021-10-15T15:02:18.251Z] >>> HTTP REQUEST POST https://www.googleapis.com/oauth2/v3/token  
 <request body omitted>
[debug] [2021-10-15T15:02:18.253Z] <<< HTTP RESPONSE 200 {"content-type":"application/json; charset=UTF-8","vary":"X-Origin, Referer, Origin,Accept-Encoding","date":"Fri, 15 Oct 2021 15:02:18 GMT","server":"ESF","cache-control":"private","x-xss-protection":"0","x-frame-options":"SAMEORIGIN","x-content-type-options":"nosniff","alt-svc":"h3=\":443\"; ma=2592000,h3-29=\":443\"; ma=2592000,h3-T051=\":443\"; ma=2592000,h3-Q050=\":443\"; ma=2592000,h3-Q046=\":443\"; ma=2592000,h3-Q043=\":443\"; ma=2592000,quic=\":443\"; ma=2592000; v=\"46,43\"","accept-ranges":"none","transfer-encoding":"chunked"}
[debug] [2021-10-15T15:02:18.254Z] > refreshing access token with scopes: []
[debug] [2021-10-15T15:02:18.254Z] >>> HTTP REQUEST POST https://www.googleapis.com/oauth2/v3/token  
 <request body omitted>
[debug] [2021-10-15T15:02:18.492Z] <<< HTTP RESPONSE 200 {"expires":"Mon, 01 Jan 1990 00:00:00 GMT","pragma":"no-cache","cache-control":"no-cache, no-store, max-age=0, must-revalidate","date":"Fri, 15 Oct 2021 15:02:18 GMT","content-type":"application/json; charset=utf-8","vary":"X-Origin, Referer, Origin,Accept-Encoding","server":"scaffolding on HTTPServer2","x-xss-protection":"0","x-frame-options":"SAMEORIGIN","x-content-type-options":"nosniff","alt-svc":"h3=\":443\"; ma=2592000,h3-29=\":443\"; ma=2592000,h3-T051=\":443\"; ma=2592000,h3-Q050=\":443\"; ma=2592000,h3-Q046=\":443\"; ma=2592000,h3-Q043=\":443\"; ma=2592000,quic=\":443\"; ma=2592000; v=\"46,43\"","accept-ranges":"none","transfer-encoding":"chunked"}
[debug] [2021-10-15T15:02:18.538Z] >>> [apiv2][query] GET https://cloudfunctions.googleapis.com/v1/operations/am9icy01MS1kZXYvdXMtY2VudHJhbDEvc2NoZWR1bGVkRnVuY3Rpb24vU1dqbXFjZ05WdGc [none]
[debug] [2021-10-15T15:02:18.542Z] <<< HTTP RESPONSE 200 {"cache-control":"no-cache, no-store, max-age=0, must-revalidate","expires":"Mon, 01 Jan 1990 00:00:00 GMT","date":"Fri, 15 Oct 2021 15:02:18 GMT","pragma":"no-cache","content-type":"application/json; charset=utf-8","vary":"X-Origin, Referer, Origin,Accept-Encoding","server":"scaffolding on HTTPServer2","x-xss-protection":"0","x-frame-options":"SAMEORIGIN","x-content-type-options":"nosniff","alt-svc":"h3=\":443\"; ma=2592000,h3-29=\":443\"; ma=2592000,h3-T051=\":443\"; ma=2592000,h3-Q050=\":443\"; ma=2592000,h3-Q046=\":443\"; ma=2592000,h3-Q043=\":443\"; ma=2592000,quic=\":443\"; ma=2592000; v=\"46,43\"","accept-ranges":"none","transfer-encoding":"chunked"}
[debug] [2021-10-15T15:02:18.587Z] >>> [apiv2][query] GET https://cloudfunctions.googleapis.com/v1/operations/am9icy01MS1kZXYvdXMtY2VudHJhbDEvaGVsbG9Xb3JsZC96OHVhNUQzeFJKcw [none]
[debug] [2021-10-15T15:02:18.950Z] <<< [apiv2][status] GET https://cloudfunctions.googleapis.com/v1/operations/am9icy01MS1kZXYvdXMtY2VudHJhbDEvc2NoZWR1bGVkRnVuY3Rpb24vU1dqbXFjZ05WdGc 200
[debug] [2021-10-15T15:02:18.950Z] <<< [apiv2][body] GET https://cloudfunctions.googleapis.com/v1/operations/am9icy01MS1kZXYvdXMtY2VudHJhbDEvc2NoZWR1bGVkRnVuY3Rpb24vU1dqbXFjZ05WdGc {"name":"operations/am9icy01MS1kZXYvdXMtY2VudHJhbDEvc2NoZWR1bGVkRnVuY3Rpb24vU1dqbXFjZ05WdGc","metadata":{"@type":"type.googleapis.com/google.cloud.functions.v1.OperationMetadataV1","target":"projects/jobs-51-dev/locations/us-central1/functions/scheduledFunction","type":"DELETE_FUNCTION","request":{"@type":"type.googleapis.com/google.protobuf.Empty"},"updateTime":"2021-10-15T15:02:18Z"}}
[debug] [2021-10-15T15:02:18.950Z] <<< [apiv2][status] GET https://cloudfunctions.googleapis.com/v1/operations/am9icy01MS1kZXYvdXMtY2VudHJhbDEvaGVsbG9Xb3JsZC96OHVhNUQzeFJKcw 200
[debug] [2021-10-15T15:02:18.950Z] <<< [apiv2][body] GET https://cloudfunctions.googleapis.com/v1/operations/am9icy01MS1kZXYvdXMtY2VudHJhbDEvaGVsbG9Xb3JsZC96OHVhNUQzeFJKcw {"name":"operations/am9icy01MS1kZXYvdXMtY2VudHJhbDEvaGVsbG9Xb3JsZC96OHVhNUQzeFJKcw","metadata":{"@type":"type.googleapis.com/google.cloud.functions.v1.OperationMetadataV1","target":"projects/jobs-51-dev/locations/us-central1/functions/helloWorld","type":"DELETE_FUNCTION","request":{"@type":"type.googleapis.com/google.protobuf.Empty"},"updateTime":"2021-10-15T15:02:18Z"}}
[debug] [2021-10-15T15:02:19.451Z] [delete-projects/jobs-51-dev/locations/us-central1/functions/scheduledFunction] Retrying task index 0
[debug] [2021-10-15T15:02:19.451Z] >>> [apiv2][query] GET https://cloudfunctions.googleapis.com/v1/operations/am9icy01MS1kZXYvdXMtY2VudHJhbDEvc2NoZWR1bGVkRnVuY3Rpb24vU1dqbXFjZ05WdGc [none]
[debug] [2021-10-15T15:02:19.452Z] [delete-projects/jobs-51-dev/locations/us-central1/functions/helloWorld] Retrying task index 0
[debug] [2021-10-15T15:02:19.453Z] >>> [apiv2][query] GET https://cloudfunctions.googleapis.com/v1/operations/am9icy01MS1kZXYvdXMtY2VudHJhbDEvaGVsbG9Xb3JsZC96OHVhNUQzeFJKcw [none]
[debug] [2021-10-15T15:02:19.814Z] <<< [apiv2][status] GET https://cloudfunctions.googleapis.com/v1/operations/am9icy01MS1kZXYvdXMtY2VudHJhbDEvc2NoZWR1bGVkRnVuY3Rpb24vU1dqbXFjZ05WdGc 200
[debug] [2021-10-15T15:02:19.814Z] <<< [apiv2][body] GET https://cloudfunctions.googleapis.com/v1/operations/am9icy01MS1kZXYvdXMtY2VudHJhbDEvc2NoZWR1bGVkRnVuY3Rpb24vU1dqbXFjZ05WdGc {"name":"operations/am9icy01MS1kZXYvdXMtY2VudHJhbDEvc2NoZWR1bGVkRnVuY3Rpb24vU1dqbXFjZ05WdGc","metadata":{"@type":"type.googleapis.com/google.cloud.functions.v1.OperationMetadataV1","target":"projects/jobs-51-dev/locations/us-central1/functions/scheduledFunction","type":"DELETE_FUNCTION","request":{"@type":"type.googleapis.com/google.protobuf.Empty"},"updateTime":"2021-10-15T15:02:18Z"}}
[debug] [2021-10-15T15:02:19.844Z] <<< [apiv2][status] GET https://cloudfunctions.googleapis.com/v1/operations/am9icy01MS1kZXYvdXMtY2VudHJhbDEvaGVsbG9Xb3JsZC96OHVhNUQzeFJKcw 200
[debug] [2021-10-15T15:02:19.844Z] <<< [apiv2][body] GET https://cloudfunctions.googleapis.com/v1/operations/am9icy01MS1kZXYvdXMtY2VudHJhbDEvaGVsbG9Xb3JsZC96OHVhNUQzeFJKcw {"name":"operations/am9icy01MS1kZXYvdXMtY2VudHJhbDEvaGVsbG9Xb3JsZC96OHVhNUQzeFJKcw","metadata":{"@type":"type.googleapis.com/google.cloud.functions.v1.OperationMetadataV1","target":"projects/jobs-51-dev/locations/us-central1/functions/helloWorld","type":"DELETE_FUNCTION","request":{"@type":"type.googleapis.com/google.protobuf.Empty"},"updateTime":"2021-10-15T15:02:18Z"}}
